Flow report for MultiConSigno
Thu Oct 23 17:04:18 2025
Quartus II 64-Bit Version 13.0.1 Build 232 06/12/2013 Service Pack 1 SJ Web Edition


---------------------
; Table of Contents ;
---------------------
  1. Legal Notice
  2. Flow Summary
  3. Flow Settings
  4. Flow Non-Default Global Settings
  5. Flow Elapsed Time
  6. Flow OS Summary
  7. Flow Log
  8. Flow Messages
  9. Flow Suppressed Messages



----------------
; Legal Notice ;
----------------
Copyright (C) 1991-2013 Altera Corporation
Your use of Altera Corporation's design tools, logic functions 
and other software and tools, and its AMPP partner logic 
functions, and any output files from any of the foregoing 
(including device programming or simulation files), and any 
associated documentation or information are expressly subject 
to the terms and conditions of the Altera Program License 
Subscription Agreement, Altera MegaCore Function License 
Agreement, or other applicable license agreement, including, 
without limitation, that your use is for the sole purpose of 
programming logic devices manufactured by Altera and sold by 
Altera or its authorized distributors.  Please refer to the 
applicable agreement for further details.



+--------------------------------------------------------------------------------------+
; Flow Summary                                                                         ;
+------------------------------------+-------------------------------------------------+
; Flow Status                        ; Successful - Thu Oct 23 17:04:18 2025           ;
; Quartus II 64-Bit Version          ; 13.0.1 Build 232 06/12/2013 SP 1 SJ Web Edition ;
; Revision Name                      ; MultiConSigno                                   ;
; Top-level Entity Name              ; MultiplicadorCS                                 ;
; Family                             ; Cyclone III                                     ;
; Device                             ; EP3C120F780C7                                   ;
; Timing Models                      ; Final                                           ;
; Total logic elements               ; 9 / 119,088 ( < 1 % )                           ;
;     Total combinational functions  ; 5 / 119,088 ( < 1 % )                           ;
;     Dedicated logic registers      ; 9 / 119,088 ( < 1 % )                           ;
; Total registers                    ; 9                                               ;
; Total pins                         ; 10 / 532 ( 2 % )                                ;
; Total virtual pins                 ; 0                                               ;
; Total memory bits                  ; 0 / 3,981,312 ( 0 % )                           ;
; Embedded Multiplier 9-bit elements ; 0 / 576 ( 0 % )                                 ;
; Total PLLs                         ; 0 / 4 ( 0 % )                                   ;
+------------------------------------+-------------------------------------------------+


+-----------------------------------------+
; Flow Settings                           ;
+-------------------+---------------------+
; Option            ; Setting             ;
+-------------------+---------------------+
; Start date & time ; 10/23/2025 17:03:43 ;
; Main task         ; Compilation         ;
; Revision Name     ; MultiConSigno       ;
+-------------------+---------------------+


+-------------------------------------------------------------------------------------------------------------------------------------+
; Flow Non-Default Global Settings                                                                                                    ;
+--------------------------------------+---------------------------------------+---------------+-----------------+--------------------+
; Assignment Name                      ; Value                                 ; Default Value ; Entity Name     ; Section Id         ;
+--------------------------------------+---------------------------------------+---------------+-----------------+--------------------+
; COMPILER_SIGNATURE_ID                ; 40350030082740.176124982309716        ; --            ; --              ; --                 ;
; EDA_DESIGN_INSTANCE_NAME             ; uut                                   ; --            ; --              ; MultiplicadorCS_tb ;
; EDA_NATIVELINK_SIMULATION_TEST_BENCH ; MultiplicadorCS_tb                    ; --            ; --              ; eda_simulation     ;
; EDA_OUTPUT_DATA_FORMAT               ; Vhdl                                  ; --            ; --              ; eda_simulation     ;
; EDA_SIMULATION_TOOL                  ; ModelSim-Altera (VHDL)                ; <None>        ; --              ; --                 ;
; EDA_TEST_BENCH_ENABLE_STATUS         ; TEST_BENCH_MODE                       ; --            ; --              ; eda_simulation     ;
; EDA_TEST_BENCH_FILE                  ; MultiplicadorCS_tb.vhd                ; --            ; --              ; MultiplicadorCS_tb ;
; EDA_TEST_BENCH_MODULE_NAME           ; MultiplicadorCS_tb                    ; --            ; --              ; MultiplicadorCS_tb ;
; EDA_TEST_BENCH_NAME                  ; MultiplicadorCS_tb                    ; --            ; --              ; eda_simulation     ;
; MAX_CORE_JUNCTION_TEMP               ; 85                                    ; --            ; --              ; --                 ;
; MIN_CORE_JUNCTION_TEMP               ; 0                                     ; --            ; --              ; --                 ;
; PARTITION_COLOR                      ; 16764057                              ; --            ; MultiplicadorCS ; Top                ;
; PARTITION_FITTER_PRESERVATION_LEVEL  ; PLACEMENT_AND_ROUTING                 ; --            ; MultiplicadorCS ; Top                ;
; PARTITION_NETLIST_TYPE               ; SOURCE                                ; --            ; MultiplicadorCS ; Top                ;
; POWER_BOARD_THERMAL_MODEL            ; None (CONSERVATIVE)                   ; --            ; --              ; --                 ;
; POWER_PRESET_COOLING_SOLUTION        ; 23 MM HEAT SINK WITH 200 LFPM AIRFLOW ; --            ; --              ; --                 ;
; PROJECT_OUTPUT_DIRECTORY             ; output_files                          ; --            ; --              ; --                 ;
; TOP_LEVEL_ENTITY                     ; MultiplicadorCS                       ; MultiConSigno ; --              ; --                 ;
+--------------------------------------+---------------------------------------+---------------+-----------------+--------------------+


+-------------------------------------------------------------------------------------------------------------------------------+
; Flow Elapsed Time                                                                                                             ;
+---------------------------+--------------+-------------------------+---------------------+------------------------------------+
; Module Name               ; Elapsed Time ; Average Processors Used ; Peak Virtual Memory ; Total CPU Time (on all processors) ;
+---------------------------+--------------+-------------------------+---------------------+------------------------------------+
; Analysis & Synthesis      ; 00:00:02     ; 1.0                     ; 4637 MB             ; 00:00:02                           ;
; Fitter                    ; 00:00:17     ; 1.0                     ; 5056 MB             ; 00:00:17                           ;
; Assembler                 ; 00:00:06     ; 1.0                     ; 4555 MB             ; 00:00:06                           ;
; TimeQuest Timing Analyzer ; 00:00:04     ; 1.0                     ; 4643 MB             ; 00:00:03                           ;
; EDA Netlist Writer        ; 00:00:01     ; 1.0                     ; 4524 MB             ; 00:00:01                           ;
; Total                     ; 00:00:30     ; --                      ; --                  ; 00:00:29                           ;
+---------------------------+--------------+-------------------------+---------------------+------------------------------------+


+----------------------------------------------------------------------------------------+
; Flow OS Summary                                                                        ;
+---------------------------+------------------+-----------+------------+----------------+
; Module Name               ; Machine Hostname ; OS Name   ; OS Version ; Processor type ;
+---------------------------+------------------+-----------+------------+----------------+
; Analysis & Synthesis      ; Michu            ; Windows 7 ; 6.2        ; x86_64         ;
; Fitter                    ; Michu            ; Windows 7 ; 6.2        ; x86_64         ;
; Assembler                 ; Michu            ; Windows 7 ; 6.2        ; x86_64         ;
; TimeQuest Timing Analyzer ; Michu            ; Windows 7 ; 6.2        ; x86_64         ;
; EDA Netlist Writer        ; Michu            ; Windows 7 ; 6.2        ; x86_64         ;
+---------------------------+------------------+-----------+------------+----------------+


------------
; Flow Log ;
------------
quartus_map --read_settings_files=on --write_settings_files=off MultiConSigno -c MultiConSigno
quartus_fit --read_settings_files=off --write_settings_files=off MultiConSigno -c MultiConSigno
quartus_asm --read_settings_files=off --write_settings_files=off MultiConSigno -c MultiConSigno
quartus_sta MultiConSigno -c MultiConSigno
quartus_eda --read_settings_files=off --write_settings_files=off MultiConSigno -c MultiConSigno



