Flow report for I2E
Tue Oct 28 14:59:54 2025
Quartus II 64-Bit Version 13.0.1 Build 232 06/12/2013 Service Pack 1 SJ Web Edition


---------------------
; Table of Contents ;
---------------------
  1. Legal Notice
  2. Flow Summary
  3. Flow Settings
  4. Flow Non-Default Global Settings
  5. Flow Elapsed Time
  6. Flow OS Summary
  7. Flow Log
  8. Flow Messages
  9. Flow Suppressed Messages



----------------
; Legal Notice ;
----------------
Copyright (C) 1991-2013 Altera Corporation
Your use of Altera Corporation's design tools, logic functions 
and other software and tools, and its AMPP partner logic 
functions, and any output files from any of the foregoing 
(including device programming or simulation files), and any 
associated documentation or information are expressly subject 
to the terms and conditions of the Altera Program License 
Subscription Agreement, Altera MegaCore Function License 
Agreement, or other applicable license agreement, including, 
without limitation, that your use is for the sole purpose of 
programming logic devices manufactured by Altera and sold by 
Altera or its authorized distributors.  Please refer to the 
applicable agreement for further details.



+--------------------------------------------------------------------------------------+
; Flow Summary                                                                         ;
+------------------------------------+-------------------------------------------------+
; Flow Status                        ; Successful - Tue Oct 28 14:59:54 2025           ;
; Quartus II 64-Bit Version          ; 13.0.1 Build 232 06/12/2013 SP 1 SJ Web Edition ;
; Revision Name                      ; I2E                                             ;
; Top-level Entity Name              ; I2E_completo                                    ;
; Family                             ; Cyclone III                                     ;
; Device                             ; EP3C120F780C7                                   ;
; Timing Models                      ; Final                                           ;
; Total logic elements               ; 32 / 119,088 ( < 1 % )                          ;
;     Total combinational functions  ; 21 / 119,088 ( < 1 % )                          ;
;     Dedicated logic registers      ; 26 / 119,088 ( < 1 % )                          ;
; Total registers                    ; 26                                              ;
; Total pins                         ; 18 / 532 ( 3 % )                                ;
; Total virtual pins                 ; 0                                               ;
; Total memory bits                  ; 0 / 3,981,312 ( 0 % )                           ;
; Embedded Multiplier 9-bit elements ; 0 / 576 ( 0 % )                                 ;
; Total PLLs                         ; 0 / 4 ( 0 % )                                   ;
+------------------------------------+-------------------------------------------------+


+-----------------------------------------+
; Flow Settings                           ;
+-------------------+---------------------+
; Option            ; Setting             ;
+-------------------+---------------------+
; Start date & time ; 10/28/2025 14:58:08 ;
; Main task         ; Compilation         ;
; Revision Name     ; I2E                 ;
+-------------------+---------------------+


+-----------------------------------------------------------------------------------------------------------------------------+
; Flow Non-Default Global Settings                                                                                            ;
+-------------------------------------+---------------------------------------+---------------+--------------+----------------+
; Assignment Name                     ; Value                                 ; Default Value ; Entity Name  ; Section Id     ;
+-------------------------------------+---------------------------------------+---------------+--------------+----------------+
; COMPILER_SIGNATURE_ID               ; 40350030082740.176167428804676        ; --            ; --           ; --             ;
; EDA_GENERATE_FUNCTIONAL_NETLIST     ; On                                    ; --            ; --           ; eda_simulation ;
; EDA_OUTPUT_DATA_FORMAT              ; Verilog Hdl                           ; --            ; --           ; eda_simulation ;
; EDA_SIMULATION_TOOL                 ; ModelSim-Altera (Verilog)             ; <None>        ; --           ; --             ;
; IP_TOOL_NAME                        ; LPM_SHIFTREG                          ; --            ; --           ; --             ;
; IP_TOOL_VERSION                     ; 13.0                                  ; --            ; --           ; --             ;
; MAX_CORE_JUNCTION_TEMP              ; 85                                    ; --            ; --           ; --             ;
; MIN_CORE_JUNCTION_TEMP              ; 0                                     ; --            ; --           ; --             ;
; MISC_FILE                           ; lpm_shiftreg1.bsf                     ; --            ; --           ; --             ;
; MISC_FILE                           ; lpm_shiftreg1.cmp                     ; --            ; --           ; --             ;
; NOMINAL_CORE_SUPPLY_VOLTAGE         ; 1.2V                                  ; --            ; --           ; --             ;
; PARTITION_COLOR                     ; 16764057                              ; --            ; I2E_completo ; Top            ;
; PARTITION_FITTER_PRESERVATION_LEVEL ; PLACEMENT_AND_ROUTING                 ; --            ; I2E_completo ; Top            ;
; PARTITION_NETLIST_TYPE              ; SOURCE                                ; --            ; I2E_completo ; Top            ;
; POWER_BOARD_THERMAL_MODEL           ; None (CONSERVATIVE)                   ; --            ; --           ; --             ;
; POWER_PRESET_COOLING_SOLUTION       ; 23 MM HEAT SINK WITH 200 LFPM AIRFLOW ; --            ; --           ; --             ;
; PROJECT_OUTPUT_DIRECTORY            ; output_files                          ; --            ; --           ; --             ;
; TOP_LEVEL_ENTITY                    ; I2E_completo                          ; I2E           ; --           ; --             ;
+-------------------------------------+---------------------------------------+---------------+--------------+----------------+


+-------------------------------------------------------------------------------------------------------------------------------+
; Flow Elapsed Time                                                                                                             ;
+---------------------------+--------------+-------------------------+---------------------+------------------------------------+
; Module Name               ; Elapsed Time ; Average Processors Used ; Peak Virtual Memory ; Total CPU Time (on all processors) ;
+---------------------------+--------------+-------------------------+---------------------+------------------------------------+
; Analysis & Synthesis      ; 00:00:03     ; 1.0                     ; 4639 MB             ; 00:00:03                           ;
; Fitter                    ; 00:00:21     ; 1.0                     ; 5049 MB             ; 00:00:21                           ;
; Assembler                 ; 00:00:07     ; 1.0                     ; 4563 MB             ; 00:00:07                           ;
; TimeQuest Timing Analyzer ; 00:00:04     ; 1.0                     ; 4647 MB             ; 00:00:04                           ;
; EDA Netlist Writer        ; 00:00:01     ; 1.0                     ; 4518 MB             ; 00:00:01                           ;
; EDA Netlist Writer        ; 00:00:01     ; 1.0                     ; 4526 MB             ; 00:00:01                           ;
; EDA Netlist Writer        ; 00:00:01     ; 1.0                     ; 4526 MB             ; 00:00:01                           ;
; Total                     ; 00:00:38     ; --                      ; --                  ; 00:00:38                           ;
+---------------------------+--------------+-------------------------+---------------------+------------------------------------+


+----------------------------------------------------------------------------------------+
; Flow OS Summary                                                                        ;
+---------------------------+------------------+-----------+------------+----------------+
; Module Name               ; Machine Hostname ; OS Name   ; OS Version ; Processor type ;
+---------------------------+------------------+-----------+------------+----------------+
; Analysis & Synthesis      ; Michu            ; Windows 7 ; 6.2        ; x86_64         ;
; Fitter                    ; Michu            ; Windows 7 ; 6.2        ; x86_64         ;
; Assembler                 ; Michu            ; Windows 7 ; 6.2        ; x86_64         ;
; TimeQuest Timing Analyzer ; Michu            ; Windows 7 ; 6.2        ; x86_64         ;
; EDA Netlist Writer        ; Michu            ; Windows 7 ; 6.2        ; x86_64         ;
; EDA Netlist Writer        ; Michu            ; Windows 7 ; 6.2        ; x86_64         ;
; EDA Netlist Writer        ; Michu            ; Windows 7 ; 6.2        ; x86_64         ;
+---------------------------+------------------+-----------+------------+----------------+


------------
; Flow Log ;
------------
quartus_map --read_settings_files=on --write_settings_files=off I2E -c I2E
quartus_fit --read_settings_files=off --write_settings_files=off I2E -c I2E
quartus_asm --read_settings_files=off --write_settings_files=off I2E -c I2E
quartus_sta I2E -c I2E
quartus_eda --read_settings_files=off --write_settings_files=off I2E -c I2E
quartus_eda --gen_testbench --check_outputs=on --tool=modelsim_oem --format=verilog I2E -c I2E --vector_source="C:/altera/13.0sp1/Laboratorio1/Parte F/Waveform.vwf" --testbench_file=./simulation/qsim/I2E.vt
quartus_eda --functional=on --simulation=on --tool=modelsim_oem --format=verilog I2E -c I2E



