Flow report for Parte_A
Mon Oct 20 16:44:19 2025
Quartus II 64-Bit Version 13.0.1 Build 232 06/12/2013 Service Pack 1 SJ Web Edition


---------------------
; Table of Contents ;
---------------------
  1. Legal Notice
  2. Flow Summary
  3. Flow Settings
  4. Flow Non-Default Global Settings
  5. Flow Elapsed Time
  6. Flow OS Summary
  7. Flow Log
  8. Flow Messages
  9. Flow Suppressed Messages



----------------
; Legal Notice ;
----------------
Copyright (C) 1991-2013 Altera Corporation
Your use of Altera Corporation's design tools, logic functions 
and other software and tools, and its AMPP partner logic 
functions, and any output files from any of the foregoing 
(including device programming or simulation files), and any 
associated documentation or information are expressly subject 
to the terms and conditions of the Altera Program License 
Subscription Agreement, Altera MegaCore Function License 
Agreement, or other applicable license agreement, including, 
without limitation, that your use is for the sole purpose of 
programming logic devices manufactured by Altera and sold by 
Altera or its authorized distributors.  Please refer to the 
applicable agreement for further details.



+--------------------------------------------------------------------------------------+
; Flow Summary                                                                         ;
+------------------------------------+-------------------------------------------------+
; Flow Status                        ; Successful - Mon Oct 20 16:44:19 2025           ;
; Quartus II 64-Bit Version          ; 13.0.1 Build 232 06/12/2013 SP 1 SJ Web Edition ;
; Revision Name                      ; Parte_A                                         ;
; Top-level Entity Name              ; FullAdder                                       ;
; Family                             ; Cyclone III                                     ;
; Device                             ; EP3C120F780C7                                   ;
; Timing Models                      ; Final                                           ;
; Total logic elements               ; 2 / 119,088 ( < 1 % )                           ;
;     Total combinational functions  ; 2 / 119,088 ( < 1 % )                           ;
;     Dedicated logic registers      ; 0 / 119,088 ( 0 % )                             ;
; Total registers                    ; 0                                               ;
; Total pins                         ; 5 / 532 ( < 1 % )                               ;
; Total virtual pins                 ; 0                                               ;
; Total memory bits                  ; 0 / 3,981,312 ( 0 % )                           ;
; Embedded Multiplier 9-bit elements ; 0 / 576 ( 0 % )                                 ;
; Total PLLs                         ; 0 / 4 ( 0 % )                                   ;
+------------------------------------+-------------------------------------------------+


+-----------------------------------------+
; Flow Settings                           ;
+-------------------+---------------------+
; Option            ; Setting             ;
+-------------------+---------------------+
; Start date & time ; 10/20/2025 16:21:35 ;
; Main task         ; Compilation         ;
; Revision Name     ; Parte_A             ;
+-------------------+---------------------+


+------------------------------------------------------------------------------------------------------------------------+
; Flow Non-Default Global Settings                                                                                       ;
+-------------------------------------+---------------------------------------+---------------+-------------+------------+
; Assignment Name                     ; Value                                 ; Default Value ; Entity Name ; Section Id ;
+-------------------------------------+---------------------------------------+---------------+-------------+------------+
; COMPILER_SIGNATURE_ID               ; 40350030082740.176098809522856        ; --            ; --          ; --         ;
; MAX_CORE_JUNCTION_TEMP              ; 85                                    ; --            ; --          ; --         ;
; MIN_CORE_JUNCTION_TEMP              ; 0                                     ; --            ; --          ; --         ;
; PARTITION_COLOR                     ; 16764057                              ; --            ; FullAdder   ; Top        ;
; PARTITION_FITTER_PRESERVATION_LEVEL ; PLACEMENT_AND_ROUTING                 ; --            ; FullAdder   ; Top        ;
; PARTITION_NETLIST_TYPE              ; SOURCE                                ; --            ; FullAdder   ; Top        ;
; POWER_BOARD_THERMAL_MODEL           ; None (CONSERVATIVE)                   ; --            ; --          ; --         ;
; POWER_PRESET_COOLING_SOLUTION       ; 23 MM HEAT SINK WITH 200 LFPM AIRFLOW ; --            ; --          ; --         ;
; PROJECT_OUTPUT_DIRECTORY            ; output_files                          ; --            ; --          ; --         ;
; TOP_LEVEL_ENTITY                    ; FullAdder                             ; Parte_A       ; --          ; --         ;
+-------------------------------------+---------------------------------------+---------------+-------------+------------+


+-------------------------------------------------------------------------------------------------------------------------------+
; Flow Elapsed Time                                                                                                             ;
+---------------------------+--------------+-------------------------+---------------------+------------------------------------+
; Module Name               ; Elapsed Time ; Average Processors Used ; Peak Virtual Memory ; Total CPU Time (on all processors) ;
+---------------------------+--------------+-------------------------+---------------------+------------------------------------+
; Analysis & Synthesis      ; 00:00:02     ; 1.0                     ; 4634 MB             ; 00:00:01                           ;
; Fitter                    ; 00:00:13     ; 1.0                     ; 5046 MB             ; 00:00:14                           ;
; Assembler                 ; 00:00:05     ; 1.0                     ; 4555 MB             ; 00:00:04                           ;
; TimeQuest Timing Analyzer ; 00:00:02     ; 1.0                     ; 4644 MB             ; 00:00:02                           ;
; EDA Netlist Writer        ; 00:00:01     ; 1.0                     ; 4516 MB             ; 00:00:01                           ;
; EDA Netlist Writer        ; 00:00:01     ; 1.0                     ; 4516 MB             ; 00:00:01                           ;
; EDA Netlist Writer        ; 00:00:01     ; 1.0                     ; 4516 MB             ; 00:00:01                           ;
; EDA Netlist Writer        ; 00:00:01     ; 1.0                     ; 4516 MB             ; 00:00:01                           ;
; EDA Netlist Writer        ; 00:00:00     ; 1.0                     ; 4516 MB             ; 00:00:01                           ;
; EDA Netlist Writer        ; 00:00:01     ; 1.0                     ; 4516 MB             ; 00:00:01                           ;
; Total                     ; 00:00:27     ; --                      ; --                  ; 00:00:27                           ;
+---------------------------+--------------+-------------------------+---------------------+------------------------------------+


+----------------------------------------------------------------------------------------+
; Flow OS Summary                                                                        ;
+---------------------------+------------------+-----------+------------+----------------+
; Module Name               ; Machine Hostname ; OS Name   ; OS Version ; Processor type ;
+---------------------------+------------------+-----------+------------+----------------+
; Analysis & Synthesis      ; Michu            ; Windows 7 ; 6.2        ; x86_64         ;
; Fitter                    ; Michu            ; Windows 7 ; 6.2        ; x86_64         ;
; Assembler                 ; Michu            ; Windows 7 ; 6.2        ; x86_64         ;
; TimeQuest Timing Analyzer ; Michu            ; Windows 7 ; 6.2        ; x86_64         ;
; EDA Netlist Writer        ; Michu            ; Windows 7 ; 6.2        ; x86_64         ;
; EDA Netlist Writer        ; Michu            ; Windows 7 ; 6.2        ; x86_64         ;
; EDA Netlist Writer        ; Michu            ; Windows 7 ; 6.2        ; x86_64         ;
; EDA Netlist Writer        ; Michu            ; Windows 7 ; 6.2        ; x86_64         ;
; EDA Netlist Writer        ; Michu            ; Windows 7 ; 6.2        ; x86_64         ;
; EDA Netlist Writer        ; Michu            ; Windows 7 ; 6.2        ; x86_64         ;
+---------------------------+------------------+-----------+------------+----------------+


------------
; Flow Log ;
------------
quartus_map --read_settings_files=on --write_settings_files=off Parte_A -c Parte_A
quartus_fit --read_settings_files=off --write_settings_files=off Parte_A -c Parte_A
quartus_asm --read_settings_files=off --write_settings_files=off Parte_A -c Parte_A
quartus_sta Parte_A -c Parte_A
quartus_eda --gen_testbench --check_outputs=on --tool=modelsim_oem --format=verilog Parte_A -c Parte_A --vector_source="C:/altera/13.0sp1/Laboratorio1/Parte A/Waveform.vwf" --testbench_file=./simulation/qsim/Parte_A.vt
quartus_eda --functional=on --simulation=on --tool=modelsim_oem --format=verilog Parte_A -c Parte_A
quartus_eda --gen_testbench --check_outputs=on --tool=modelsim_oem --format=verilog Parte_A -c Parte_A --vector_source="C:/altera/13.0sp1/Laboratorio1/Parte A/Waveform.vwf" --testbench_file=./simulation/qsim/Parte_A.vt
quartus_eda --functional=on --simulation=on --tool=modelsim_oem --format=verilog Parte_A -c Parte_A
quartus_eda --gen_testbench --check_outputs=on --tool=modelsim_oem --format=verilog Parte_A -c Parte_A --vector_source="C:/altera/13.0sp1/Laboratorio1/Parte A/Waveform.vwf" --testbench_file=./simulation/qsim/Parte_A.vt
quartus_eda --functional=on --simulation=on --tool=modelsim_oem --format=verilog Parte_A -c Parte_A



